*****************************************************************
      SolidWorks Corporation - IGES Processor Status Report
*****************************************************************
=================================================================
General Information
=================================================================
Sending System Product I.D.  : Untitled v13
Receiving System Product I.D.: 
File Name                    : Untitled v13
Sending System               : unknown
Preprocessor Version         : unknown
File Creation Date           : 20180118.061804
Model Creation Date          : 20180118.024444
Units                        : MM
Model Space Scale            : 1
Author                       : gungstarbeiter@gmail.com
Organization                 : unknown


=================================================================
Entity Processing Information
=================================================================


=================================================================
Precision analysis of IGES file:
=================================================================
  Most prevalent number of significant digits:               2
  Highest number of significant digits:                     14
  Average number of significant digits:                6.62315
  Maximum distance to origin:                          8.61284
  Minimum distance to origin:                          2.73134
  Effective number of significant digits:              13.7147


=================================================================
Entity Summary
=================================================================
-----------------------------------------------------------------
Type Name                                         Count Converted
---- ----                                         ----- ---------
110  Line                                            32        32
120  Surface of revolution                           16        16
124  Transformation matrix                          117       117
126  Rational B-spline curve                       5868      5868
128  Rational B-spline surface                     2479      2479
141  Boundary                                        52        52
143  Bounded surface                                 52        52
186  Manifold Solid B-rep Object                    127       127
308  Subfigure definition                            34        34
314  Color definition                                23        23
406  Property                                       191       191
408  Singular subfigure instance                    132       132
502  Vertex list                                    127       127
504  Edge entity                                    127       127
508  Loop entity                                   2571      2571
510  Face entity                                   2443      2443
514  Shell entity                                   127       127
_________________________________________________________________


=================================================================
Result Summary
=================================================================
SolidWorks Feature Type                Count
-----------------------                -----
Solid feature(s)                       127
Surface feature(s)                     4
Curve/Sketch feature(s)                0
--------------------------------------------
Start time: Saturday, August 25, 2018 08:14:24
Finish time: Saturday, August 25, 2018 08:15:09
Processing time: 0 days, 00 hours, 00 mins, 45 secs
